<?xml version="1.0" encoding="UTF-8"?>
<!-- Generated by org.testng.reporters.JUnitReportReporter -->
<testsuite hostname="LAPTOP-9SOCDC4J" failures="0" tests="1" name="com.actiTime.testscripts.TestMethodCls" time="0.014" errors="0" timestamp="2024-02-22T21:32:26 IST" skipped="0">
  <testcase classname="com.actiTime.testscripts.TestMethodCls" name="testMethod" time="0.014"/>
  <system-out/>
</testsuite> <!-- com.actiTime.testscripts.TestMethodCls -->
